MPASM 5.77                          MAIN.ASM   7-11-2023  17:02:36         PAGE  1


LOC  OBJECT CODE     LINE SOURCE TEXT
  VALUE

Warning[205]: Found directive in column 1. (LIST)
                      00001 LIST P=PIC16F1827
                      00002 #include<p16f1827.inc>
                      00001         LIST
                      00002 
                      00003 ;==========================================================================
                      00004 ; Build date : Nov 22 2017
                      00005 ;  MPASM PIC16F1827 processor include
                      00006 ; 
                      00007 ;  (c) Copyright 1999-2017 Microchip Technology, All rights reserved
                      00008 ;==========================================================================
                      00009 
                      01313         LIST
                      00003 ;__CONFIG _FOSC_INTOSC & _WDTE_OFF & _PWRTE_ON & _MCLRE_OFF & _CP_OFF & _CPD_OFF & _BOREN_OFF & _IESO_OF
                            F & _FCMEN_OFF
Warning[205]: Found directive in column 1. (__CONFIG)
8007   0984           00004 __CONFIG    _CONFIG1, _FOSC_INTOSC & _WDTE_OFF & _PWRTE_ON & _MCLRE_OFF & _CP_OFF & _CPD_OFF & _BOREN_OF
                            F & _CLKOUTEN_OFF & _IESO_OFF & _FCMEN_OFF  
Warning[205]: Found directive in column 1. (ORG)
                      00005 ORG     0x0000                          
                      00006         ;バンク1に切り替え
0000   1408           00007         BSF     BSR, BSR0
                      00008         ;OSCCONレジスタを操作して、周期を4MHzに変更する
0001   3068           00009         MOVLW   B'01101000'
Message[302]: Register in operand not in bank 0.  Ensure that bank bits are correct.
0002   0099           00010         MOVWF   OSCCON
                      00011         ;TRISAを設定して、PORTA 5以外を出力にする
0003   3020           00012         MOVLW   B'00100000'
Message[302]: Register in operand not in bank 0.  Ensure that bank bits are correct.
0004   008C           00013         MOVWF   TRISA
                      00014         ;TRISBを設定して、PORTBをすべて出力にする
0005   3000           00015         MOVLW   B'00000000'
Message[302]: Register in operand not in bank 0.  Ensure that bank bits are correct.
0006   008D           00016         MOVWF   TRISB
                      00017         ;バンク0に切り替える
0007   1008           00018         BCF     BSR, BSR0
0008                  00019 LOOP                                    
0008   2???           00020         GOTO    LOOP                    
                      00021 
Warning[205]: Found directive in column 1. (END)
0984                  00022 END                                     
MPASM 5.77                          MAIN.ASM   7-11-2023  17:02:36         PAGE  2


SYMBOL TABLE
  LABEL                             VALUE 

ABDEN                             00000000
ABDOVF                            00000007
ACKDT                             00000005
ACKEN                             00000004
ACKSTAT                           00000006
ACKTIM                            00000007
ADCON0                            0000009D
ADCON1                            0000009E
ADCS0                             00000004
ADCS1                             00000005
ADCS2                             00000006
ADDEN                             00000003
ADFM                              00000007
ADFVR0                            00000000
ADFVR1                            00000001
ADGO                              00000001
ADIE                              00000006
ADIF                              00000006
ADNREF                            00000002
ADON                              00000000
ADPREF0                           00000000
ADPREF1                           00000001
ADRES                             0000009B
ADRESH                            0000009C
ADRESL                            0000009B
AHEN                              00000001
ANSA0                             00000000
ANSA1                             00000001
ANSA2                             00000002
ANSA3                             00000003
ANSA4                             00000004
ANSB1                             00000001
ANSB2                             00000002
ANSB3                             00000003
ANSB4                             00000004
ANSB5                             00000005
ANSB6                             00000006
ANSB7                             00000007
ANSELA                            0000018C
ANSELB                            0000018D
APFCON0                           0000011D
APFCON1                           0000011E
BAUDCON                           0000019F
BCL1IE                            00000003
BCL1IF                            00000003
BCL2IE                            00000001
BCL2IF                            00000001
BF                                00000000
BOEN                              00000004
BORCON                            00000116
BORRDY                            00000000
BRG16                             00000003
BRGH                              00000002
MPASM 5.77                          MAIN.ASM   7-11-2023  17:02:36         PAGE  3


SYMBOL TABLE
  LABEL                             VALUE 

BSR                               00000008
BSR0                              00000000
BSR1                              00000001
BSR2                              00000002
BSR3                              00000003
BSR4                              00000004
BSR_SHAD                          00000FE6
C                                 00000000
C1HYS                             00000001
C1IE                              00000005
C1IF                              00000005
C1INTN                            00000006
C1INTP                            00000007
C1NCH0                            00000000
C1NCH1                            00000001
C1OE                              00000005
C1ON                              00000007
C1OUT                             00000006
C1PCH0                            00000004
C1PCH1                            00000005
C1POL                             00000004
C1SP                              00000002
C1SYNC                            00000000
C1TSEL0                           00000000
C1TSEL1                           00000001
C2HYS                             00000001
C2IE                              00000006
C2IF                              00000006
C2INTN                            00000006
C2INTP                            00000007
C2NCH0                            00000000
C2NCH1                            00000001
C2OE                              00000005
C2ON                              00000007
C2OUT                             00000006
C2PCH0                            00000004
C2PCH1                            00000005
C2POL                             00000004
C2SP                              00000002
C2SYNC                            00000000
C2TSEL0                           00000002
C2TSEL1                           00000003
C3TSEL0                           00000004
C3TSEL1                           00000005
C4TSEL0                           00000006
C4TSEL1                           00000007
CCP1AS                            00000295
CCP1AS0                           00000004
CCP1AS1                           00000005
CCP1AS2                           00000006
CCP1ASE                           00000007
CCP1CON                           00000293
CCP1IE                            00000002
MPASM 5.77                          MAIN.ASM   7-11-2023  17:02:36         PAGE  4


SYMBOL TABLE
  LABEL                             VALUE 

CCP1IF                            00000002
CCP1M0                            00000000
CCP1M1                            00000001
CCP1M2                            00000002
CCP1M3                            00000003
CCP1SEL                           00000000
CCP2AS                            0000029C
CCP2AS0                           00000004
CCP2AS1                           00000005
CCP2AS2                           00000006
CCP2ASE                           00000007
CCP2CON                           0000029A
CCP2IE                            00000000
CCP2IF                            00000000
CCP2M0                            00000000
CCP2M1                            00000001
CCP2M2                            00000002
CCP2M3                            00000003
CCP2SEL                           00000003
CCP3CON                           00000313
CCP3IE                            00000004
CCP3IF                            00000004
CCP3M0                            00000000
CCP3M1                            00000001
CCP3M2                            00000002
CCP3M3                            00000003
CCP4CON                           0000031A
CCP4IE                            00000005
CCP4IF                            00000005
CCP4M0                            00000000
CCP4M1                            00000001
CCP4M2                            00000002
CCP4M3                            00000003
CCPR1                             00000291
CCPR1H                            00000292
CCPR1L                            00000291
CCPR2                             00000298
CCPR2H                            00000299
CCPR2L                            00000298
CCPR3                             00000311
CCPR3H                            00000312
CCPR3L                            00000311
CCPR4                             00000318
CCPR4H                            00000319
CCPR4L                            00000318
CCPTMRS                           0000029E
CCPTMRS0                          0000029E
CDAFVR0                           00000002
CDAFVR1                           00000003
CFGS                              00000006
CHS0                              00000002
CHS1                              00000003
CHS2                              00000004
MPASM 5.77                          MAIN.ASM   7-11-2023  17:02:36         PAGE  5


SYMBOL TABLE
  LABEL                             VALUE 

CHS3                              00000005
CHS4                              00000006
CKE                               00000006
CKP                               00000004
CLKRCON                           0000039A
CLKRDC0                           00000003
CLKRDC1                           00000004
CLKRDIV0                          00000000
CLKRDIV1                          00000001
CLKRDIV2                          00000002
CLKREN                            00000007
CLKROE                            00000006
CLKRSLR                           00000005
CM1CON0                           00000111
CM1CON1                           00000112
CM2CON0                           00000113
CM2CON1                           00000114
CMOUT                             00000115
CPSCH0                            00000000
CPSCH1                            00000001
CPSCH2                            00000002
CPSCH3                            00000003
CPSCON0                           0000001E
CPSCON1                           0000001F
CPSON                             00000007
CPSOUT                            00000001
CPSRNG0                           00000002
CPSRNG1                           00000003
CREN                              00000004
CSRC                              00000007
C_SHAD                            00000000
DACCON0                           00000118
DACCON1                           00000119
DACEN                             00000007
DACLPS                            00000006
DACNSS                            00000000
DACOE                             00000005
DACPSS0                           00000002
DACPSS1                           00000003
DACR0                             00000000
DACR1                             00000001
DACR2                             00000002
DACR3                             00000003
DACR4                             00000004
DC                                00000001
DC1B0                             00000004
DC1B1                             00000005
DC2B0                             00000004
DC2B1                             00000005
DC3B0                             00000004
DC3B1                             00000005
DC4B0                             00000004
DC4B1                             00000005
MPASM 5.77                          MAIN.ASM   7-11-2023  17:02:36         PAGE  6


SYMBOL TABLE
  LABEL                             VALUE 

DC_SHAD                           00000001
DHEN                              00000000
D_NOT_A                           00000005
ECCP1AS                           00000295
ECCP2AS                           0000029C
EEADR                             00000191
EEADRH                            00000192
EEADRL                            00000191
EECON1                            00000195
EECON2                            00000196
EEDAT                             00000193
EEDATH                            00000194
EEDATL                            00000193
EEIE                              00000004
EEIF                              00000004
EEPGD                             00000007
F                                 00000001
FERR                              00000002
FREE                              00000004
FSR0                              00000004
FSR0H                             00000005
FSR0H_SHAD                        00000FE9
FSR0L                             00000004
FSR0L_SHAD                        00000FE8
FSR1                              00000006
FSR1H                             00000007
FSR1H_SHAD                        00000FEB
FSR1L                             00000006
FSR1L_SHAD                        00000FEA
FVRCON                            00000117
FVREN                             00000007
FVRRDY                            00000006
GCEN                              00000007
GIE                               00000007
GO                                00000001
GO_NOT_DONE                       00000001
HFIOFL                            00000003
HFIOFR                            00000004
HFIOFS                            00000000
INDF0                             00000000
INDF1                             00000001
INTCON                            0000000B
INTE                              00000004
INTEDG                            00000006
INTF                              00000001
IOCBF                             00000396
IOCBF0                            00000000
IOCBF1                            00000001
IOCBF2                            00000002
IOCBF3                            00000003
IOCBF4                            00000004
IOCBF5                            00000005
IOCBF6                            00000006
MPASM 5.77                          MAIN.ASM   7-11-2023  17:02:36         PAGE  7


SYMBOL TABLE
  LABEL                             VALUE 

IOCBF7                            00000007
IOCBN                             00000395
IOCBN0                            00000000
IOCBN1                            00000001
IOCBN2                            00000002
IOCBN3                            00000003
IOCBN4                            00000004
IOCBN5                            00000005
IOCBN6                            00000006
IOCBN7                            00000007
IOCBP                             00000394
IOCBP0                            00000000
IOCBP1                            00000001
IOCBP2                            00000002
IOCBP3                            00000003
IOCBP4                            00000004
IOCBP5                            00000005
IOCBP6                            00000006
IOCBP7                            00000007
IOCIE                             00000003
IOCIF                             00000000
IRCF0                             00000003
IRCF1                             00000004
IRCF2                             00000005
IRCF3                             00000006
LATA                              0000010C
LATA0                             00000000
LATA1                             00000001
LATA2                             00000002
LATA3                             00000003
LATA4                             00000004
LATA6                             00000006
LATA7                             00000007
LATB                              0000010D
LATB0                             00000000
LATB1                             00000001
LATB2                             00000002
LATB3                             00000003
LATB4                             00000004
LATB5                             00000005
LATB6                             00000006
LATB7                             00000007
LFIOFR                            00000001
LOOP                              00000008
LWLO                              00000005
MC1OUT                            00000000
MC2OUT                            00000001
MDBIT                             00000000
MDCARH                            0000039F
MDCARL                            0000039E
MDCH0                             00000000
MDCH1                             00000001
MDCH2                             00000002
MPASM 5.77                          MAIN.ASM   7-11-2023  17:02:36         PAGE  8


SYMBOL TABLE
  LABEL                             VALUE 

MDCH3                             00000003
MDCHODIS                          00000007
MDCHPOL                           00000006
MDCHSYNC                          00000005
MDCL0                             00000000
MDCL1                             00000001
MDCL2                             00000002
MDCL3                             00000003
MDCLODIS                          00000007
MDCLPOL                           00000006
MDCLSYNC                          00000005
MDCON                             0000039C
MDEN                              00000007
MDMS0                             00000000
MDMS1                             00000001
MDMS2                             00000002
MDMS3                             00000003
MDMSODIS                          00000007
MDOE                              00000006
MDOPOL                            00000004
MDOUT                             00000003
MDSLR                             00000005
MDSRC                             0000039D
MFIOFR                            00000002
NOT_BOR                           00000000
NOT_PD                            00000003
NOT_POR                           00000001
NOT_RI                            00000002
NOT_RMCLR                         00000003
NOT_T1SYNC                        00000002
NOT_TO                            00000004
NOT_WPUEN                         00000007
OERR                              00000001
OPTION_REG                        00000095
OSCCON                            00000099
OSCSTAT                           0000009A
OSCTUNE                           00000098
OSFIE                             00000007
OSFIF                             00000007
OSTS                              00000005
P                                 00000004
P1CSEL                            00000001
P1DC0                             00000000
P1DC1                             00000001
P1DC2                             00000002
P1DC3                             00000003
P1DC4                             00000004
P1DC5                             00000005
P1DC6                             00000006
P1DSEL                            00000002
P1M0                              00000006
P1M1                              00000007
P1RSEN                            00000007
MPASM 5.77                          MAIN.ASM   7-11-2023  17:02:36         PAGE  9


SYMBOL TABLE
  LABEL                             VALUE 

P2BSEL                            00000004
P2DC0                             00000000
P2DC1                             00000001
P2DC2                             00000002
P2DC3                             00000003
P2DC4                             00000004
P2DC5                             00000005
P2DC6                             00000006
P2M0                              00000006
P2M1                              00000007
P2RSEN                            00000007
PCIE                              00000006
PCL                               00000002
PCLATH                            0000000A
PCLATH_SHAD                       00000FE7
PCON                              00000096
PEIE                              00000006
PEN                               00000002
PIE1                              00000091
PIE2                              00000092
PIE3                              00000093
PIE4                              00000094
PIR1                              00000011
PIR2                              00000012
PIR3                              00000013
PIR4                              00000014
PLLR                              00000006
PORTA                             0000000C
PORTB                             0000000D
PR2                               0000001B
PR4                               00000416
PR6                               0000041D
PS0                               00000000
PS1                               00000001
PS2                               00000002
PSA                               00000003
PSS1AC0                           00000002
PSS1AC1                           00000003
PSS1BD0                           00000000
PSS1BD1                           00000001
PSS2AC0                           00000002
PSS2AC1                           00000003
PSS2BD0                           00000000
PSS2BD1                           00000001
PSTR1CON                          00000296
PSTR2CON                          0000029D
PWM1CON                           00000294
PWM2CON                           0000029B
RA0                               00000000
RA1                               00000001
RA2                               00000002
RA3                               00000003
RA4                               00000004
MPASM 5.77                          MAIN.ASM   7-11-2023  17:02:36         PAGE 10


SYMBOL TABLE
  LABEL                             VALUE 

RA5                               00000005
RA6                               00000006
RA7                               00000007
RB0                               00000000
RB1                               00000001
RB2                               00000002
RB3                               00000003
RB4                               00000004
RB5                               00000005
RB6                               00000006
RB7                               00000007
RCEN                              00000003
RCIDL                             00000006
RCIE                              00000005
RCIF                              00000005
RCREG                             00000199
RCSTA                             0000019D
RD                                00000000
RSEN                              00000001
RX9                               00000006
RX9D                              00000000
RXDTSEL                           00000007
R_NOT_W                           00000002
S                                 00000003
SBCDE                             00000002
SBOREN                            00000007
SCIE                              00000005
SCKP                              00000004
SCS0                              00000000
SCS1                              00000001
SDAHT                             00000003
SDO1SEL                           00000006
SEN                               00000000
SENDB                             00000003
SMP                               00000007
SP1BRG                            0000019B
SP1BRGH                           0000019C
SP1BRGL                           0000019B
SPBRG                             0000019B
SPBRGH                            0000019C
SPBRGL                            0000019B
SPEN                              00000007
SPLLEN                            00000007
SRCLK0                            00000004
SRCLK1                            00000005
SRCLK2                            00000006
SRCON0                            0000011A
SRCON1                            0000011B
SREN                              00000005
SRLEN                             00000007
SRNQEN                            00000002
SRPR                              00000000
SRPS                              00000001
MPASM 5.77                          MAIN.ASM   7-11-2023  17:02:36         PAGE 11


SYMBOL TABLE
  LABEL                             VALUE 

SRQEN                             00000003
SRRC1E                            00000000
SRRC2E                            00000001
SRRCKE                            00000002
SRRPE                             00000003
SRSC1E                            00000004
SRSC2E                            00000005
SRSCKE                            00000006
SRSPE                             00000007
SS1SEL                            00000005
SSP1ADD                           00000212
SSP1BUF                           00000211
SSP1CON1                          00000215
SSP1CON2                          00000216
SSP1CON3                          00000217
SSP1IE                            00000003
SSP1IF                            00000003
SSP1MSK                           00000213
SSP1STAT                          00000214
SSP2ADD                           0000021A
SSP2BUF                           00000219
SSP2CON1                          0000021D
SSP2CON2                          0000021E
SSP2CON3                          0000021F
SSP2IE                            00000000
SSP2IF                            00000000
SSP2MSK                           0000021B
SSP2STAT                          0000021C
SSPADD                            00000212
SSPBUF                            00000211
SSPCON                            00000215
SSPCON1                           00000215
SSPCON2                           00000216
SSPCON3                           00000217
SSPEN                             00000005
SSPM0                             00000000
SSPM1                             00000001
SSPM2                             00000002
SSPM3                             00000003
SSPMSK                            00000213
SSPOV                             00000006
SSPSTAT                           00000214
STATUS                            00000003
STATUS_SHAD                       00000FE4
STKOVF                            00000007
STKPTR                            00000FED
STKUNF                            00000006
STR1A                             00000000
STR1B                             00000001
STR1C                             00000002
STR1D                             00000003
STR1SYNC                          00000004
STR2A                             00000000
MPASM 5.77                          MAIN.ASM   7-11-2023  17:02:36         PAGE 12


SYMBOL TABLE
  LABEL                             VALUE 

STR2B                             00000001
STR2C                             00000002
STR2D                             00000003
STR2SYNC                          00000004
SWDTEN                            00000000
SYNC                              00000004
T0CS                              00000005
T0IE                              00000005
T0IF                              00000002
T0SE                              00000004
T0XCS                             00000000
T1CKPS0                           00000004
T1CKPS1                           00000005
T1CON                             00000018
T1GCON                            00000019
T1GGO                             00000003
T1GPOL                            00000006
T1GSPM                            00000004
T1GSS0                            00000000
T1GSS1                            00000001
T1GTM                             00000005
T1GVAL                            00000002
T1OSCEN                           00000003
T1OSCR                            00000007
T2CKPS0                           00000000
T2CKPS1                           00000001
T2CON                             0000001C
T2OUTPS0                          00000003
T2OUTPS1                          00000004
T2OUTPS2                          00000005
T2OUTPS3                          00000006
T4CKPS0                           00000000
T4CKPS1                           00000001
T4CON                             00000417
T4OUTPS0                          00000003
T4OUTPS1                          00000004
T4OUTPS2                          00000005
T4OUTPS3                          00000006
T6CKPS0                           00000000
T6CKPS1                           00000001
T6CON                             0000041E
T6OUTPS0                          00000003
T6OUTPS1                          00000004
T6OUTPS2                          00000005
T6OUTPS3                          00000006
TMR0                              00000015
TMR0CS                            00000005
TMR0IE                            00000005
TMR0IF                            00000002
TMR0SE                            00000004
TMR1                              00000016
TMR1CS0                           00000006
TMR1CS1                           00000007
MPASM 5.77                          MAIN.ASM   7-11-2023  17:02:36         PAGE 13


SYMBOL TABLE
  LABEL                             VALUE 

TMR1GE                            00000007
TMR1GIE                           00000007
TMR1GIF                           00000007
TMR1H                             00000017
TMR1IE                            00000000
TMR1IF                            00000000
TMR1L                             00000016
TMR1ON                            00000000
TMR2                              0000001A
TMR2IE                            00000001
TMR2IF                            00000001
TMR2ON                            00000002
TMR4                              00000415
TMR4IE                            00000001
TMR4IF                            00000001
TMR4ON                            00000002
TMR6                              0000041C
TMR6IE                            00000003
TMR6IF                            00000003
TMR6ON                            00000002
TOSH                              00000FEF
TOSL                              00000FEE
TRISA                             0000008C
TRISA0                            00000000
TRISA1                            00000001
TRISA2                            00000002
TRISA3                            00000003
TRISA4                            00000004
TRISA5                            00000005
TRISA6                            00000006
TRISA7                            00000007
TRISB                             0000008D
TRISB0                            00000000
TRISB1                            00000001
TRISB2                            00000002
TRISB3                            00000003
TRISB4                            00000004
TRISB5                            00000005
TRISB6                            00000006
TRISB7                            00000007
TRMT                              00000001
TSEN                              00000005
TSRNG                             00000004
TUN0                              00000000
TUN1                              00000001
TUN2                              00000002
TUN3                              00000003
TUN4                              00000004
TUN5                              00000005
TX9                               00000006
TX9D                              00000000
TXCKSEL                           00000000
TXEN                              00000005
MPASM 5.77                          MAIN.ASM   7-11-2023  17:02:36         PAGE 14


SYMBOL TABLE
  LABEL                             VALUE 

TXIE                              00000004
TXIF                              00000004
TXREG                             0000019A
TXSTA                             0000019E
UA                                00000001
W                                 00000000
WCOL                              00000007
WDTCON                            00000097
WDTPS0                            00000001
WDTPS1                            00000002
WDTPS2                            00000003
WDTPS3                            00000004
WDTPS4                            00000005
WPUA                              0000020C
WPUA5                             00000005
WPUB                              0000020D
WPUB0                             00000000
WPUB1                             00000001
WPUB2                             00000002
WPUB3                             00000003
WPUB4                             00000004
WPUB5                             00000005
WPUB6                             00000006
WPUB7                             00000007
WR                                00000001
WREG                              00000009
WREG_SHAD                         00000FE5
WREN                              00000002
WRERR                             00000003
WUE                               00000001
Z                                 00000002
Z_SHAD                            00000002
_BOREN_NSLEEP                     00003DFF
_BOREN_OFF                        000039FF
_BOREN_ON                         00003FFF
_BOREN_SBODEN                     00003BFF
_BORV_19                          00003FFF
_BORV_HI                          00003BFF
_BORV_LO                          00003FFF
_CLKOUTEN_OFF                     00003FFF
_CLKOUTEN_ON                      000037FF
_CONFIG1                          00008007
_CONFIG2                          00008008
_CPD_OFF                          00003FFF
_CPD_ON                           00003EFF
_CP_OFF                           00003FFF
_CP_ON                            00003F7F
_DEVID1                           00008006
_FCMEN_OFF                        00001FFF
_FCMEN_ON                         00003FFF
_FOSC_ECH                         00003FFF
_FOSC_ECL                         00003FFD
_FOSC_ECM                         00003FFE
MPASM 5.77                          MAIN.ASM   7-11-2023  17:02:36         PAGE 15


SYMBOL TABLE
  LABEL                             VALUE 

_FOSC_EXTRC                       00003FFB
_FOSC_HS                          00003FFA
_FOSC_INTOSC                      00003FFC
_FOSC_LP                          00003FF8
_FOSC_XT                          00003FF9
_IDLOC0                           00008000
_IDLOC1                           00008001
_IDLOC2                           00008002
_IDLOC3                           00008003
_IESO_OFF                         00002FFF
_IESO_ON                          00003FFF
_LVP_OFF                          00001FFF
_LVP_ON                           00003FFF
_MCLRE_OFF                        00003FBF
_MCLRE_ON                         00003FFF
_PLLEN_OFF                        00003EFF
_PLLEN_ON                         00003FFF
_PWRTE_OFF                        00003FFF
_PWRTE_ON                         00003FDF
_STVREN_OFF                       00003DFF
_STVREN_ON                        00003FFF
_WDTE_NSLEEP                      00003FF7
_WDTE_OFF                         00003FE7
_WDTE_ON                          00003FFF
_WDTE_SWDTEN                      00003FEF
_WRT_ALL                          00003FFC
_WRT_BOOT                         00003FFE
_WRT_HALF                         00003FFD
_WRT_OFF                          00003FFF
__16F1827                         00000001

Errors   :     0
Warnings :     4 reported,     0 suppressed
Messages :     3 reported,     0 suppressed

