MPASM 5.77                          MAIN.ASM   8-20-2023  21:52:58         PAGE  1


LOC  OBJECT CODE     LINE SOURCE TEXT
  VALUE

Warning[205]: Found directive in column 1. (LIST)
                      00001 LIST P=PIC16F1938
                      00002 #include<p16f1938.inc>
                      00001         LIST
                      00002 
                      00003 ;==========================================================================
                      00004 ; Build date : Nov 22 2017
                      00005 ;  MPASM PIC16F1938 processor include
                      00006 ; 
                      00007 ;  (c) Copyright 1999-2017 Microchip Technology, All rights reserved
                      00008 ;==========================================================================
                      00009 
                      01418         LIST
Warning[205]: Found directive in column 1. (__CONFIG)
8007   0984           00003 __CONFIG        _CONFIG1, _FOSC_INTOSC & _WDTE_OFF & _PWRTE_ON & _MCLRE_OFF & _CP_OFF & _CPD_OFF & _BORE
                            N_OFF & _CLKOUTEN_OFF & _IESO_OFF & _FCMEN_OFF
Warning[205]: Found directive in column 1. (__CONFIG)
8008   3CFF           00004 __CONFIG        _CONFIG2, _WRT_OFF & _VCAPEN_OFF & _PLLEN_OFF & _STVREN_OFF & _BORV_LO & _LVP_ON
  00000070            00005 MATRIX0 EQU     0x70
  00000071            00006 MATRIX1 EQU     0x71
  00000072            00007 MATRIX2 EQU     0x72
  00000073            00008 MATRIX3 EQU     0x73
  00000074            00009 MATRIX4 EQU     0x74
  00000075            00010 MATRIX5 EQU     0x75
  00000076            00011 MATRIX6 EQU     0x76
  00000077            00012 MATRIX7 EQU     0x77
  00000078            00013 CNT0    EQU     0x78
  00000079            00014 CNT1    EQU     0x79
  0000007A            00015 CNT2    EQU     0x7a
  0000007B            00016 LOOP_CNT        EQU     0x7b
  0000007C            00017 SIZE_H  EQU     0x7c
  0000007D            00018 SIZE_L  EQU     0x7d
Warning[205]: Found directive in column 1. (ORG)
                      00019 ORG 0x0000
0000   1408           00020         BSF BSR, BSR0
0001   3068           00021         MOVLW B'01101000'
Message[302]: Register in operand not in bank 0.  Ensure that bank bits are correct.
0002   0099           00022         MOVWF OSCCON
Message[302]: Register in operand not in bank 0.  Ensure that bank bits are correct.
0003   018E           00023         CLRF TRISC
Message[302]: Register in operand not in bank 0.  Ensure that bank bits are correct.
0004   018C           00024         CLRF TRISA
0005   1008           00025         BCF BSR, BSR0
0006   018E           00026         CLRF PORTC
0007   018C           00027         CLRF PORTA
0008   30??           00028         MOVLW HIGH LEDMATRIX_DATA
0009   0085           00029         MOVWF FSR0H
000A   30??           00030         MOVLW LOW LEDMATRIX_DATA
000B   0084           00031         MOVWF FSR0L
000C   0187           00032         CLRF FSR1H
000D   3070           00033         MOVLW 0x70
000E   0086           00034         MOVWF FSR1L
000F   01F0           00035         CLRF MATRIX0
MPASM 5.77                          MAIN.ASM   8-20-2023  21:52:58         PAGE  2


LOC  OBJECT CODE     LINE SOURCE TEXT
  VALUE

0010   01F1           00036         CLRF MATRIX1
0011   01F2           00037         CLRF MATRIX2
0012   01F3           00038         CLRF MATRIX3
0013   01F4           00039         CLRF MATRIX4
0014   01F5           00040         CLRF MATRIX5
0015   01F6           00041         CLRF MATRIX6
0016   01F7           00042         CLRF MATRIX7
0017   01FC           00043         CLRF SIZE_H
0018   01FD           00044         CLRF SIZE_L
0019   2???           00045         GOTO LOOP
001A                  00046 LOOP
001A   2???           00047         CALL LOAD
001B   300C           00048         MOVLW D'12'
001C   00FB           00049         MOVWF LOOP_CNT
001D                  00050 LOOP_JUMP0
001D   2???           00051         CALL LEDMATRIX
Message[305]: Using default destination of 1 (file).
001E   0BFB           00052         DECFSZ LOOP_CNT
001F   2???           00053         GOTO LOOP_JUMP0
0020   2???           00054         GOTO LOOP
0021                  00055 LEDMATRIX_DATA
0021   3400 3400 3400 00056         DT 0x0,0x0,0x0,0x0
       3400 
0025   3400 3400 3400 00057         DT 0x0,0x0,0x0,0x0
       3400 
0029   3400 3410 3420 00058         DT 0x0,0x10,0x20,0x40
       3440 
002D   3420 3410 3400 00059         DT 0x20,0x10,0x0,0x0
       3400 
0031   3400 3400 340C 00060         DT 0x0,0x0,0xc,0xc
       340C 
0035   3400 3400 3400 00061         DT 0x0,0x0,0x0,0x0
       3400 
0039   3400 3410 3420 00062         DT 0x0,0x10,0x20,0x40
       3440 
003D   3420 3410 3400 00063         DT 0x20,0x10,0x0,0x0
       3400 
0041   3400 3400 3421 00064         DT 0x0,0x0,0x21,0x7f
       347F 
0045   3401 3400 3400 00065         DT 0x1,0x0,0x0,0x0
       3400 
0049   3400 3423 3445 00066         DT 0x0,0x23,0x45,0x45
       3445 
004D   3449 3449 3431 00067         DT 0x49,0x49,0x31,0x0
       3400 
0051   3400 3422 3441 00068         DT 0x0,0x22,0x41,0x49
       3449 
0055   3449 3449 3436 00069         DT 0x49,0x49,0x36,0x0
       3400 
0059   3440 3440 3440 00070         DT 0x40,0x40,0x40,0x7f
       347F 
005D   3440 3440 3440 00071         DT 0x40,0x40,0x40,0x0
       3400 
MPASM 5.77                          MAIN.ASM   8-20-2023  21:52:58         PAGE  3


LOC  OBJECT CODE     LINE SOURCE TEXT
  VALUE

0061   347F 3420 3418 00072         DT 0x7f,0x20,0x18,0x6
       3406 
0065   3418 3420 347F 00073         DT 0x18,0x20,0x7f,0x0
       3400 
0069   3400 343E 3441 00074         DT 0x0,0x3e,0x41,0x41
       3441 
006D   3441 3441 3422 00075         DT 0x41,0x41,0x22,0x0
       3400 
0071   3400 3400 3441 00076         DT 0x0,0x0,0x41,0x7f
       347F 
0075   3441 3400 3400 00077         DT 0x41,0x0,0x0,0x0
       3400 
0079   3440 3440 3440 00078         DT 0x40,0x40,0x40,0x7f
       347F 
007D   3440 3440 3440 00079         DT 0x40,0x40,0x40,0x0
       3400 
0081   3400 3400 3400 00080         DT 0x0,0x0,0x0,0x0
       3400 
0085   3400 3400 3400 00081         DT 0x0,0x0,0x0,0x0
       3400 
0089                  00082 LOAD
0089   0871           00083         MOVF MATRIX1, W
008A   00F0           00084         MOVWF MATRIX0
008B   0872           00085         MOVF MATRIX2, W
008C   00F1           00086         MOVWF MATRIX1
008D   0873           00087         MOVF MATRIX3, W
008E   00F2           00088         MOVWF MATRIX2
008F   0874           00089         MOVF MATRIX4, W
0090   00F3           00090         MOVWF MATRIX3
0091   0875           00091         MOVF MATRIX5, W
0092   00F4           00092         MOVWF MATRIX4
0093   0876           00093         MOVF MATRIX6, W
0094   00F5           00094         MOVWF MATRIX5
0095   0877           00095         MOVF MATRIX7, W
0096   00F6           00096         MOVWF MATRIX6
0097   3F00           00097         MOVIW 0[FSR0]
0098   00F7           00098         MOVWF MATRIX7
0099   3101           00099         ADDFSR FSR0, 0x01
009A   0AFD           00100         INCF SIZE_L, F
009B   1903           00101         BTFSC STATUS, Z
009C   0AFC           00102         INCF SIZE_H, F
009D   3000           00103         MOVLW 0x0
009E   027C           00104         SUBWF SIZE_H, W
009F   1D03           00105         BTFSS STATUS, Z
00A0   0008           00106         RETURN
00A1   3068           00107         MOVLW 0x68
00A2   027D           00108         SUBWF SIZE_L, W
00A3   1D03           00109         BTFSS STATUS, Z
00A4   0008           00110         RETURN
00A5   01FC           00111         CLRF SIZE_H
00A6   01FD           00112         CLRF SIZE_L
00A7   30??           00113         MOVLW HIGH LEDMATRIX_DATA
00A8   0085           00114         MOVWF FSR0H
MPASM 5.77                          MAIN.ASM   8-20-2023  21:52:58         PAGE  4


LOC  OBJECT CODE     LINE SOURCE TEXT
  VALUE

00A9   30??           00115         MOVLW LOW LEDMATRIX_DATA
00AA   0084           00116         MOVWF FSR0L
00AB   0008           00117         RETURN
00AC                  00118 LEDMATRIX
00AC   0016           00119         MOVIW FSR1++
00AD   008E           00120         MOVWF PORTC
00AE   30FE           00121         MOVLW 0xfe
00AF   008C           00122         MOVWF PORTA
00B0   2???           00123         CALL LED_DELAY
00B1   0016           00124         MOVIW FSR1++
00B2   008E           00125         MOVWF PORTC
00B3   30BF           00126         MOVLW 0xbf
00B4   008C           00127         MOVWF PORTA
00B5   2???           00128         CALL LED_DELAY
00B6   0016           00129         MOVIW FSR1++
00B7   008E           00130         MOVWF PORTC
00B8   30FD           00131         MOVLW 0xfd
00B9   008C           00132         MOVWF PORTA
00BA   2???           00133         CALL LED_DELAY
00BB   0016           00134         MOVIW FSR1++
00BC   008E           00135         MOVWF PORTC
00BD   30F7           00136         MOVLW 0xf7
00BE   008C           00137         MOVWF PORTA
00BF   2???           00138         CALL LED_DELAY
00C0   0016           00139         MOVIW FSR1++
00C1   008E           00140         MOVWF PORTC
00C2   30DF           00141         MOVLW 0xdf
00C3   008C           00142         MOVWF PORTA
00C4   2???           00143         CALL LED_DELAY
00C5   0016           00144         MOVIW FSR1++
00C6   008E           00145         MOVWF PORTC
00C7   30FB           00146         MOVLW 0xfb
00C8   008C           00147         MOVWF PORTA
00C9   2???           00148         CALL LED_DELAY
00CA   0016           00149         MOVIW FSR1++
00CB   008E           00150         MOVWF PORTC
00CC   307F           00151         MOVLW 0x7f
00CD   008C           00152         MOVWF PORTA
00CE   2???           00153         CALL LED_DELAY
00CF   0016           00154         MOVIW FSR1++
00D0   008E           00155         MOVWF PORTC
00D1   30EF           00156         MOVLW 0xef
00D2   008C           00157         MOVWF PORTA
00D3   2???           00158         CALL LED_DELAY
00D4   3070           00159         MOVLW 0x70
00D5   0086           00160         MOVWF FSR1L
00D6   0008           00161         RETURN
00D7                  00162 LED_DELAY
00D7   30F9           00163         MOVLW D'249'
00D8   00F8           00164         MOVWF CNT0
00D9                  00165 LED_DELAY_JUMP0
00D9   0000           00166         NOP
00DA   0000           00167         NOP
MPASM 5.77                          MAIN.ASM   8-20-2023  21:52:58         PAGE  5


LOC  OBJECT CODE     LINE SOURCE TEXT
  VALUE

00DB   0BF8           00168         DECFSZ CNT0, F
00DC   2???           00169         GOTO LED_DELAY_JUMP0
00DD   0008           00170         RETURN
Warning[205]: Found directive in column 1. (END)
0984 3CFF             00171 END
MPASM 5.77                          MAIN.ASM   8-20-2023  21:52:58         PAGE  6


SYMBOL TABLE
  LABEL                             VALUE 

ABDEN                             00000000
ABDOVF                            00000007
ACKDT                             00000005
ACKEN                             00000004
ACKSTAT                           00000006
ACKTIM                            00000007
ADCON0                            0000009D
ADCON1                            0000009E
ADCS0                             00000004
ADCS1                             00000005
ADCS2                             00000006
ADDEN                             00000003
ADFM                              00000007
ADFVR0                            00000000
ADFVR1                            00000001
ADGO                              00000001
ADIE                              00000006
ADIF                              00000006
ADNREF                            00000002
ADON                              00000000
ADPREF0                           00000000
ADPREF1                           00000001
ADRES                             0000009B
ADRESH                            0000009C
ADRESL                            0000009B
AHEN                              00000001
ANSA0                             00000000
ANSA1                             00000001
ANSA2                             00000002
ANSA3                             00000003
ANSA4                             00000004
ANSA5                             00000005
ANSB0                             00000000
ANSB1                             00000001
ANSB2                             00000002
ANSB3                             00000003
ANSB4                             00000004
ANSB5                             00000005
ANSELA                            0000018C
ANSELB                            0000018D
APFCON                            0000011D
BAUDCON                           0000019F
BCLIE                             00000003
BCLIF                             00000003
BF                                00000000
BIASMD                            00000006
BOEN                              00000004
BORCON                            00000116
BORRDY                            00000000
BRG16                             00000003
BRGH                              00000002
BSR                               00000008
BSR0                              00000000
MPASM 5.77                          MAIN.ASM   8-20-2023  21:52:58         PAGE  7


SYMBOL TABLE
  LABEL                             VALUE 

BSR1                              00000001
BSR2                              00000002
BSR3                              00000003
BSR4                              00000004
BSR_SHAD                          00000FE6
C                                 00000000
C1HYS                             00000001
C1IE                              00000005
C1IF                              00000005
C1INTN                            00000006
C1INTP                            00000007
C1NCH0                            00000000
C1NCH1                            00000001
C1OE                              00000005
C1ON                              00000007
C1OUT                             00000006
C1PCH0                            00000004
C1PCH1                            00000005
C1POL                             00000004
C1SP                              00000002
C1SYNC                            00000000
C1TSEL0                           00000000
C1TSEL1                           00000001
C2HYS                             00000001
C2IE                              00000006
C2IF                              00000006
C2INTN                            00000006
C2INTP                            00000007
C2NCH0                            00000000
C2NCH1                            00000001
C2OE                              00000005
C2ON                              00000007
C2OUT                             00000006
C2OUTSEL                          00000002
C2PCH0                            00000004
C2PCH1                            00000005
C2POL                             00000004
C2SP                              00000002
C2SYNC                            00000000
C2TSEL0                           00000002
C2TSEL1                           00000003
C3TSEL0                           00000004
C3TSEL1                           00000005
C4TSEL0                           00000006
C4TSEL1                           00000007
C5TSEL0                           00000000
C5TSEL1                           00000001
CCP1AS                            00000295
CCP1AS0                           00000004
CCP1AS1                           00000005
CCP1AS2                           00000006
CCP1ASE                           00000007
CCP1CON                           00000293
MPASM 5.77                          MAIN.ASM   8-20-2023  21:52:58         PAGE  8


SYMBOL TABLE
  LABEL                             VALUE 

CCP1IE                            00000002
CCP1IF                            00000002
CCP1M0                            00000000
CCP1M1                            00000001
CCP1M2                            00000002
CCP1M3                            00000003
CCP2AS                            0000029C
CCP2AS0                           00000004
CCP2AS1                           00000005
CCP2AS2                           00000006
CCP2ASE                           00000007
CCP2CON                           0000029A
CCP2IE                            00000000
CCP2IF                            00000000
CCP2M0                            00000000
CCP2M1                            00000001
CCP2M2                            00000002
CCP2M3                            00000003
CCP2SEL                           00000000
CCP3AS                            00000315
CCP3AS0                           00000004
CCP3AS1                           00000005
CCP3AS2                           00000006
CCP3ASE                           00000007
CCP3CON                           00000313
CCP3IE                            00000004
CCP3IF                            00000004
CCP3M0                            00000000
CCP3M1                            00000001
CCP3M2                            00000002
CCP3M3                            00000003
CCP3SEL                           00000006
CCP4CON                           0000031A
CCP4IE                            00000005
CCP4IF                            00000005
CCP4M0                            00000000
CCP4M1                            00000001
CCP4M2                            00000002
CCP4M3                            00000003
CCP5CON                           0000031E
CCP5IE                            00000006
CCP5IF                            00000006
CCP5M0                            00000000
CCP5M1                            00000001
CCP5M2                            00000002
CCP5M3                            00000003
CCPR1                             00000291
CCPR1H                            00000292
CCPR1L                            00000291
CCPR2                             00000298
CCPR2H                            00000299
CCPR2L                            00000298
CCPR3                             00000311
MPASM 5.77                          MAIN.ASM   8-20-2023  21:52:58         PAGE  9


SYMBOL TABLE
  LABEL                             VALUE 

CCPR3H                            00000312
CCPR3L                            00000311
CCPR4                             00000318
CCPR4H                            00000319
CCPR4L                            00000318
CCPR5                             0000031C
CCPR5H                            0000031D
CCPR5L                            0000031C
CCPTMRS0                          0000029E
CCPTMRS1                          0000029F
CDAFVR0                           00000002
CDAFVR1                           00000003
CFGS                              00000006
CHS0                              00000002
CHS1                              00000003
CHS2                              00000004
CHS3                              00000005
CHS4                              00000006
CKE                               00000006
CKP                               00000004
CM1CON0                           00000111
CM1CON1                           00000112
CM2CON0                           00000113
CM2CON1                           00000114
CMOUT                             00000115
CNT0                              00000078
CNT1                              00000079
CNT2                              0000007A
CPSCH0                            00000000
CPSCH1                            00000001
CPSCH2                            00000002
CPSCON0                           0000001E
CPSCON1                           0000001F
CPSON                             00000007
CPSOUT                            00000001
CPSRM                             00000006
CPSRNG0                           00000002
CPSRNG1                           00000003
CREN                              00000004
CS0                               00000002
CS1                               00000003
CSRC                              00000007
C_SHAD                            00000000
DACCON0                           00000118
DACCON1                           00000119
DACEN                             00000007
DACLPS                            00000006
DACNSS                            00000000
DACOE                             00000005
DACPSS0                           00000002
DACPSS1                           00000003
DACR0                             00000000
DACR1                             00000001
MPASM 5.77                          MAIN.ASM   8-20-2023  21:52:58         PAGE 10


SYMBOL TABLE
  LABEL                             VALUE 

DACR2                             00000002
DACR3                             00000003
DACR4                             00000004
DC                                00000001
DC1B0                             00000004
DC1B1                             00000005
DC2B0                             00000004
DC2B1                             00000005
DC3B0                             00000004
DC3B1                             00000005
DC4B0                             00000004
DC4B1                             00000005
DC5B0                             00000004
DC5B1                             00000005
DC_SHAD                           00000001
DHEN                              00000000
D_NOT_A                           00000005
ECCP1AS                           00000295
ECCP2AS                           0000029C
ECCP3AS                           00000315
EEADR                             00000191
EEADRH                            00000192
EEADRL                            00000191
EECON1                            00000195
EECON2                            00000196
EEDAT                             00000193
EEDATH                            00000194
EEDATL                            00000193
EEIE                              00000004
EEIF                              00000004
EEPGD                             00000007
F                                 00000001
FERR                              00000002
FREE                              00000004
FSR0                              00000004
FSR0H                             00000005
FSR0H_SHAD                        00000FE9
FSR0L                             00000004
FSR0L_SHAD                        00000FE8
FSR1                              00000006
FSR1H                             00000007
FSR1H_SHAD                        00000FEB
FSR1L                             00000006
FSR1L_SHAD                        00000FEA
FVRCON                            00000117
FVREN                             00000007
FVRRDY                            00000006
GCEN                              00000007
GIE                               00000007
GO                                00000001
GO_NOT_DONE                       00000001
HFIOFL                            00000003
HFIOFR                            00000004
MPASM 5.77                          MAIN.ASM   8-20-2023  21:52:58         PAGE 11


SYMBOL TABLE
  LABEL                             VALUE 

HFIOFS                            00000000
INDF0                             00000000
INDF1                             00000001
INTCON                            0000000B
INTE                              00000004
INTEDG                            00000006
INTF                              00000001
IOCBF                             00000396
IOCBF0                            00000000
IOCBF1                            00000001
IOCBF2                            00000002
IOCBF3                            00000003
IOCBF4                            00000004
IOCBF5                            00000005
IOCBF6                            00000006
IOCBF7                            00000007
IOCBN                             00000395
IOCBN0                            00000000
IOCBN1                            00000001
IOCBN2                            00000002
IOCBN3                            00000003
IOCBN4                            00000004
IOCBN5                            00000005
IOCBN6                            00000006
IOCBN7                            00000007
IOCBP                             00000394
IOCBP0                            00000000
IOCBP1                            00000001
IOCBP2                            00000002
IOCBP3                            00000003
IOCBP4                            00000004
IOCBP5                            00000005
IOCBP6                            00000006
IOCBP7                            00000007
IOCIE                             00000003
IOCIF                             00000000
IRCF0                             00000003
IRCF1                             00000004
IRCF2                             00000005
IRCF3                             00000006
LATA                              0000010C
LATA0                             00000000
LATA1                             00000001
LATA2                             00000002
LATA3                             00000003
LATA4                             00000004
LATA5                             00000005
LATA6                             00000006
LATA7                             00000007
LATB                              0000010D
LATB0                             00000000
LATB1                             00000001
LATB2                             00000002
MPASM 5.77                          MAIN.ASM   8-20-2023  21:52:58         PAGE 12


SYMBOL TABLE
  LABEL                             VALUE 

LATB3                             00000003
LATB4                             00000004
LATB5                             00000005
LATB6                             00000006
LATB7                             00000007
LATC                              0000010E
LATC0                             00000000
LATC1                             00000001
LATC2                             00000002
LATC3                             00000003
LATC4                             00000004
LATC5                             00000005
LATC6                             00000006
LATC7                             00000007
LATE                              00000110
LATE3                             00000003
LCDA                              00000005
LCDCON                            00000791
LCDCST                            00000794
LCDCST0                           00000000
LCDCST1                           00000001
LCDCST2                           00000002
LCDDATA0                          000007A0
LCDDATA1                          000007A1
LCDDATA10                         000007AA
LCDDATA3                          000007A3
LCDDATA4                          000007A4
LCDDATA6                          000007A6
LCDDATA7                          000007A7
LCDDATA9                          000007A9
LCDEN                             00000007
LCDIE                             00000002
LCDIF                             00000002
LCDIRE                            00000007
LCDIRI                            00000005
LCDIRS                            00000006
LCDPS                             00000792
LCDREF                            00000793
LCDRL                             00000795
LCDSE0                            00000798
LCDSE1                            00000799
LEDMATRIX                         000000AC
LEDMATRIX_DATA                    00000021
LED_DELAY                         000000D7
LED_DELAY_JUMP0                   000000D9
LFIOFR                            00000001
LMUX0                             00000000
LMUX1                             00000001
LOAD                              00000089
LOOP                              0000001A
LOOP_CNT                          0000007B
LOOP_JUMP0                        0000001D
LP0                               00000000
MPASM 5.77                          MAIN.ASM   8-20-2023  21:52:58         PAGE 13


SYMBOL TABLE
  LABEL                             VALUE 

LP1                               00000001
LP2                               00000002
LP3                               00000003
LRLAP0                            00000006
LRLAP1                            00000007
LRLAT0                            00000000
LRLAT1                            00000001
LRLAT2                            00000002
LRLBP0                            00000004
LRLBP1                            00000005
LWLO                              00000005
MATRIX0                           00000070
MATRIX1                           00000071
MATRIX2                           00000072
MATRIX3                           00000073
MATRIX4                           00000074
MATRIX5                           00000075
MATRIX6                           00000076
MATRIX7                           00000077
MC1OUT                            00000000
MC2OUT                            00000001
MFIOFR                            00000002
NOT_BOR                           00000000
NOT_DONE                          00000001
NOT_PD                            00000003
NOT_POR                           00000001
NOT_RI                            00000002
NOT_RMCLR                         00000003
NOT_T1SYNC                        00000002
NOT_TO                            00000004
NOT_WPUEN                         00000007
OERR                              00000001
OPTION_REG                        00000095
OSCCON                            00000099
OSCSTAT                           0000009A
OSCTUNE                           00000098
OSFIE                             00000007
OSFIF                             00000007
OSTS                              00000005
P                                 00000004
P1DC0                             00000000
P1DC1                             00000001
P1DC2                             00000002
P1DC3                             00000003
P1DC4                             00000004
P1DC5                             00000005
P1DC6                             00000006
P1M0                              00000006
P1M1                              00000007
P1RSEN                            00000007
P2BSEL                            00000004
P2DC0                             00000000
P2DC1                             00000001
MPASM 5.77                          MAIN.ASM   8-20-2023  21:52:58         PAGE 14


SYMBOL TABLE
  LABEL                             VALUE 

P2DC2                             00000002
P2DC3                             00000003
P2DC4                             00000004
P2DC5                             00000005
P2DC6                             00000006
P2M0                              00000006
P2M1                              00000007
P2RSEN                            00000007
P3DC0                             00000000
P3DC1                             00000001
P3DC2                             00000002
P3DC3                             00000003
P3DC4                             00000004
P3DC5                             00000005
P3DC6                             00000006
P3M0                              00000006
P3M1                              00000007
P3RSEN                            00000007
PCIE                              00000006
PCL                               00000002
PCLATH                            0000000A
PCLATH_SHAD                       00000FE7
PCON                              00000096
PEIE                              00000006
PEN                               00000002
PIE1                              00000091
PIE2                              00000092
PIE3                              00000093
PIR1                              00000011
PIR2                              00000012
PIR3                              00000013
PLLR                              00000006
PORTA                             0000000C
PORTB                             0000000D
PORTC                             0000000E
PORTE                             00000010
PR2                               0000001B
PR4                               00000416
PR6                               0000041D
PS0                               00000000
PS1                               00000001
PS2                               00000002
PSA                               00000003
PSS1AC0                           00000002
PSS1AC1                           00000003
PSS1BD0                           00000000
PSS1BD1                           00000001
PSS2AC0                           00000002
PSS2AC1                           00000003
PSS2BD0                           00000000
PSS2BD1                           00000001
PSS3AC0                           00000002
PSS3AC1                           00000003
MPASM 5.77                          MAIN.ASM   8-20-2023  21:52:58         PAGE 15


SYMBOL TABLE
  LABEL                             VALUE 

PSS3BD0                           00000000
PSS3BD1                           00000001
PSTR1CON                          00000296
PSTR2CON                          0000029D
PSTR3CON                          00000316
PWM1CON                           00000294
PWM2CON                           0000029B
PWM3CON                           00000314
RA0                               00000000
RA1                               00000001
RA2                               00000002
RA3                               00000003
RA4                               00000004
RA5                               00000005
RA6                               00000006
RA7                               00000007
RB0                               00000000
RB1                               00000001
RB2                               00000002
RB3                               00000003
RB4                               00000004
RB5                               00000005
RB6                               00000006
RB7                               00000007
RC0                               00000000
RC1                               00000001
RC2                               00000002
RC3                               00000003
RC4                               00000004
RC5                               00000005
RC6                               00000006
RC7                               00000007
RCEN                              00000003
RCIDL                             00000006
RCIE                              00000005
RCIF                              00000005
RCREG                             00000199
RCSTA                             0000019D
RD                                00000000
RE3                               00000003
RSEN                              00000001
RX9                               00000006
RX9D                              00000000
R_NOT_W                           00000002
S                                 00000003
SBCDE                             00000002
SBOREN                            00000007
SCIE                              00000005
SCKP                              00000004
SCS0                              00000000
SCS1                              00000001
SDAHT                             00000003
SE0                               00000000
MPASM 5.77                          MAIN.ASM   8-20-2023  21:52:58         PAGE 16


SYMBOL TABLE
  LABEL                             VALUE 

SE1                               00000001
SE10                              00000002
SE11                              00000003
SE12                              00000004
SE13                              00000005
SE14                              00000006
SE15                              00000007
SE2                               00000002
SE3                               00000003
SE4                               00000004
SE5                               00000005
SE6                               00000006
SE7                               00000007
SE8                               00000000
SE9                               00000001
SEG0COM0                          00000000
SEG0COM1                          00000000
SEG0COM2                          00000000
SEG0COM3                          00000000
SEG10COM0                         00000002
SEG10COM1                         00000002
SEG10COM2                         00000002
SEG10COM3                         00000002
SEG11COM0                         00000003
SEG11COM1                         00000003
SEG11COM2                         00000003
SEG11COM3                         00000003
SEG12COM0                         00000004
SEG12COM1                         00000004
SEG12COM2                         00000004
SEG12COM3                         00000004
SEG13COM0                         00000005
SEG13COM1                         00000005
SEG13COM2                         00000005
SEG13COM3                         00000005
SEG14COM0                         00000006
SEG14COM1                         00000006
SEG14COM2                         00000006
SEG14COM3                         00000006
SEG15COM0                         00000007
SEG15COM1                         00000007
SEG15COM2                         00000007
SEG15COM3                         00000007
SEG1COM0                          00000001
SEG1COM1                          00000001
SEG1COM2                          00000001
SEG1COM3                          00000001
SEG2COM0                          00000002
SEG2COM1                          00000002
SEG2COM2                          00000002
SEG2COM3                          00000002
SEG3COM0                          00000003
SEG3COM1                          00000003
MPASM 5.77                          MAIN.ASM   8-20-2023  21:52:58         PAGE 17


SYMBOL TABLE
  LABEL                             VALUE 

SEG3COM2                          00000003
SEG3COM3                          00000003
SEG4COM0                          00000004
SEG4COM1                          00000004
SEG4COM2                          00000004
SEG4COM3                          00000004
SEG5COM0                          00000005
SEG5COM1                          00000005
SEG5COM2                          00000005
SEG5COM3                          00000005
SEG6COM0                          00000006
SEG6COM1                          00000006
SEG6COM2                          00000006
SEG6COM3                          00000006
SEG7COM0                          00000007
SEG7COM1                          00000007
SEG7COM2                          00000007
SEG7COM3                          00000007
SEG8COM0                          00000000
SEG8COM1                          00000000
SEG8COM2                          00000000
SEG8COM3                          00000000
SEG9COM0                          00000001
SEG9COM1                          00000001
SEG9COM2                          00000001
SEG9COM3                          00000001
SEN                               00000000
SENDB                             00000003
SIZE_H                            0000007C
SIZE_L                            0000007D
SLPEN                             00000006
SMP                               00000007
SP1BRG                            0000019B
SP1BRGH                           0000019C
SP1BRGL                           0000019B
SPBRG                             0000019B
SPBRGH                            0000019C
SPBRGL                            0000019B
SPEN                              00000007
SPLLEN                            00000007
SRCLK0                            00000004
SRCLK1                            00000005
SRCLK2                            00000006
SRCON0                            0000011A
SRCON1                            0000011B
SREN                              00000005
SRLEN                             00000007
SRNQEN                            00000002
SRNQSEL                           00000003
SRPR                              00000000
SRPS                              00000001
SRQEN                             00000003
SRRC1E                            00000000
MPASM 5.77                          MAIN.ASM   8-20-2023  21:52:58         PAGE 18


SYMBOL TABLE
  LABEL                             VALUE 

SRRC2E                            00000001
SRRCKE                            00000002
SRRPE                             00000003
SRSC1E                            00000004
SRSC2E                            00000005
SRSCKE                            00000006
SRSPE                             00000007
SSPADD                            00000212
SSPBUF                            00000211
SSPCON                            00000215
SSPCON1                           00000215
SSPCON2                           00000216
SSPCON3                           00000217
SSPEN                             00000005
SSPIE                             00000003
SSPIF                             00000003
SSPM0                             00000000
SSPM1                             00000001
SSPM2                             00000002
SSPM3                             00000003
SSPMSK                            00000213
SSPOV                             00000006
SSPSTAT                           00000214
SSSEL                             00000001
STATUS                            00000003
STATUS_SHAD                       00000FE4
STKOVF                            00000007
STKPTR                            00000FED
STKUNF                            00000006
STR1A                             00000000
STR1B                             00000001
STR1C                             00000002
STR1D                             00000003
STR1SYNC                          00000004
STR2A                             00000000
STR2B                             00000001
STR2C                             00000002
STR2D                             00000003
STR2SYNC                          00000004
STR3A                             00000000
STR3B                             00000001
STR3C                             00000002
STR3D                             00000003
STR3SYNC                          00000004
SWDTEN                            00000000
SYNC                              00000004
T0CS                              00000005
T0IE                              00000005
T0IF                              00000002
T0SE                              00000004
T0XCS                             00000000
T1CKPS0                           00000004
T1CKPS1                           00000005
MPASM 5.77                          MAIN.ASM   8-20-2023  21:52:58         PAGE 19


SYMBOL TABLE
  LABEL                             VALUE 

T1CON                             00000018
T1GCON                            00000019
T1GGO                             00000003
T1GGO_NOT_DONE                    00000003
T1GPOL                            00000006
T1GSEL                            00000005
T1GSPM                            00000004
T1GSS0                            00000000
T1GSS1                            00000001
T1GTM                             00000005
T1GVAL                            00000002
T1OSCEN                           00000003
T1OSCR                            00000007
T2CKPS0                           00000000
T2CKPS1                           00000001
T2CON                             0000001C
T2OUTPS0                          00000003
T2OUTPS1                          00000004
T2OUTPS2                          00000005
T2OUTPS3                          00000006
T4CKPS0                           00000000
T4CKPS1                           00000001
T4CON                             00000417
T4OUTPS0                          00000003
T4OUTPS1                          00000004
T4OUTPS2                          00000005
T4OUTPS3                          00000006
T6CKPS0                           00000000
T6CKPS1                           00000001
T6CON                             0000041E
T6OUTPS0                          00000003
T6OUTPS1                          00000004
T6OUTPS2                          00000005
T6OUTPS3                          00000006
TMR0                              00000015
TMR0CS                            00000005
TMR0IE                            00000005
TMR0IF                            00000002
TMR0SE                            00000004
TMR1                              00000016
TMR1CS0                           00000006
TMR1CS1                           00000007
TMR1GE                            00000007
TMR1GIE                           00000007
TMR1GIF                           00000007
TMR1H                             00000017
TMR1IE                            00000000
TMR1IF                            00000000
TMR1L                             00000016
TMR1ON                            00000000
TMR2                              0000001A
TMR2IE                            00000001
TMR2IF                            00000001
MPASM 5.77                          MAIN.ASM   8-20-2023  21:52:58         PAGE 20


SYMBOL TABLE
  LABEL                             VALUE 

TMR2ON                            00000002
TMR4                              00000415
TMR4IE                            00000001
TMR4IF                            00000001
TMR4ON                            00000002
TMR6                              0000041C
TMR6IE                            00000003
TMR6IF                            00000003
TMR6ON                            00000002
TOSH                              00000FEF
TOSL                              00000FEE
TRISA                             0000008C
TRISA0                            00000000
TRISA1                            00000001
TRISA2                            00000002
TRISA3                            00000003
TRISA4                            00000004
TRISA5                            00000005
TRISA6                            00000006
TRISA7                            00000007
TRISB                             0000008D
TRISB0                            00000000
TRISB1                            00000001
TRISB2                            00000002
TRISB3                            00000003
TRISB4                            00000004
TRISB5                            00000005
TRISB6                            00000006
TRISB7                            00000007
TRISC                             0000008E
TRISC0                            00000000
TRISC1                            00000001
TRISC2                            00000002
TRISC3                            00000003
TRISC4                            00000004
TRISC5                            00000005
TRISC6                            00000006
TRISC7                            00000007
TRISE                             00000090
TRISE3                            00000003
TRMT                              00000001
TSEN                              00000005
TSRNG                             00000004
TUN0                              00000000
TUN1                              00000001
TUN2                              00000002
TUN3                              00000003
TUN4                              00000004
TUN5                              00000005
TX9                               00000006
TX9D                              00000000
TXEN                              00000005
TXIE                              00000004
MPASM 5.77                          MAIN.ASM   8-20-2023  21:52:58         PAGE 21


SYMBOL TABLE
  LABEL                             VALUE 

TXIF                              00000004
TXREG                             0000019A
TXSTA                             0000019E
UA                                00000001
VLCD1PE                           00000001
VLCD2PE                           00000002
VLCD3PE                           00000003
W                                 00000000
WA                                00000004
WCOL                              00000007
WDTCON                            00000097
WDTPS0                            00000001
WDTPS1                            00000002
WDTPS2                            00000003
WDTPS3                            00000004
WDTPS4                            00000005
WERR                              00000005
WFT                               00000007
WPUB                              0000020D
WPUB0                             00000000
WPUB1                             00000001
WPUB2                             00000002
WPUB3                             00000003
WPUB4                             00000004
WPUB5                             00000005
WPUB6                             00000006
WPUB7                             00000007
WPUE                              00000210
WPUE3                             00000003
WR                                00000001
WREG                              00000009
WREG_SHAD                         00000FE5
WREN                              00000002
WRERR                             00000003
WUE                               00000001
Z                                 00000002
Z_SHAD                            00000002
_BOREN_NSLEEP                     00003DFF
_BOREN_OFF                        000039FF
_BOREN_ON                         00003FFF
_BOREN_SBODEN                     00003BFF
_BORV_19                          00003FFF
_BORV_25                          00003BFF
_BORV_HI                          00003BFF
_BORV_LO                          00003FFF
_CLKOUTEN_OFF                     00003FFF
_CLKOUTEN_ON                      000037FF
_CONFIG1                          00008007
_CONFIG2                          00008008
_CPD_OFF                          00003FFF
_CPD_ON                           00003EFF
_CP_OFF                           00003FFF
_CP_ON                            00003F7F
MPASM 5.77                          MAIN.ASM   8-20-2023  21:52:58         PAGE 22


SYMBOL TABLE
  LABEL                             VALUE 

_DEVID1                           00008006
_FCMEN_OFF                        00001FFF
_FCMEN_ON                         00003FFF
_FOSC_ECH                         00003FFF
_FOSC_ECL                         00003FFD
_FOSC_ECM                         00003FFE
_FOSC_EXTRC                       00003FFB
_FOSC_HS                          00003FFA
_FOSC_INTOSC                      00003FFC
_FOSC_LP                          00003FF8
_FOSC_XT                          00003FF9
_IDLOC0                           00008000
_IDLOC1                           00008001
_IDLOC2                           00008002
_IDLOC3                           00008003
_IESO_OFF                         00002FFF
_IESO_ON                          00003FFF
_LVP_OFF                          00001FFF
_LVP_ON                           00003FFF
_MCLRE_OFF                        00003FBF
_MCLRE_ON                         00003FFF
_PLLEN_OFF                        00003EFF
_PLLEN_ON                         00003FFF
_PWRTE_OFF                        00003FFF
_PWRTE_ON                         00003FDF
_STVREN_OFF                       00003DFF
_STVREN_ON                        00003FFF
_VCAPEN_OFF                       00003FFF
_VCAPEN_RA0                       00003FCF
_VCAPEN_RA5                       00003FDF
_VCAPEN_RA6                       00003FEF
_WDTE_NSLEEP                      00003FF7
_WDTE_OFF                         00003FE7
_WDTE_ON                          00003FFF
_WDTE_SWDTEN                      00003FEF
_WRT_ALL                          00003FFC
_WRT_BOOT                         00003FFE
_WRT_HALF                         00003FFD
_WRT_OFF                          00003FFF
__16F1938                         00000001

Errors   :     0
Warnings :     5 reported,     0 suppressed
Messages :     4 reported,     0 suppressed

